${beforeLog}
${newLog}
Wed, 11 May 2022 15:53:20 GMT: ::1 Access
Wed, 11 May 2022 15:53:40 GMT: ::1 Access
Wed, 11 May 2022 15:53:42 GMT: ::1 Access
Wed, 11 May 2022 15:55:55 GMT: ::1 Access
Wed, 11 May 2022 16:13:13 GMT: ::1 Access
Wed, 11 May 2022 16:13:23 GMT: ::1 Access
Wed, 11 May 2022 16:21:54 GMT: ::1 Access
Tue, 24 May 2022 17:07:02 GMT: ::1 Access
Tue, 24 May 2022 18:46:21 GMT: ::1 Access
Tue, 24 May 2022 18:47:22 GMT: ::1 Access
Sat, 28 May 2022 15:46:56 GMT: ::1 Access
Sun, 29 May 2022 16:22:57 GMT: ::1 Access
Tue, 31 May 2022 15:08:11 GMT: ::1 Access
Tue, 31 May 2022 15:23:14 GMT: ::1 Access
Tue, 31 May 2022 15:30:31 GMT: ::ffff:127.0.0.1 Access
Thu, 02 Jun 2022 14:15:53 GMT: ::1 Access
Thu, 02 Jun 2022 14:16:37 GMT: ::1 Access
Thu, 02 Jun 2022 14:16:52 GMT: ::1 Access
Thu, 02 Jun 2022 14:20:19 GMT: ::1 Access
Thu, 02 Jun 2022 14:21:48 GMT: ::1 Access
Thu, 02 Jun 2022 14:22:13 GMT: ::1 Access
Thu, 02 Jun 2022 14:22:17 GMT: ::1 Access
Thu, 02 Jun 2022 16:26:33 GMT: ::1 Access
Thu, 02 Jun 2022 16:27:51 GMT: ::1 Access
Thu, 02 Jun 2022 16:29:41 GMT: ::1 Access
Thu, 02 Jun 2022 16:33:26 GMT: ::1 Access
Thu, 02 Jun 2022 16:34:48 GMT: ::1 Access
Thu, 02 Jun 2022 16:55:50 GMT: ::1 Access
Thu, 02 Jun 2022 16:56:09 GMT: ::1 Access
Sun, 05 Jun 2022 16:04:06 GMT: ::1 Access
Mon, 06 Jun 2022 14:38:46 GMT: ::1 Access